<?xml version="1.0" encoding="UTF-8"?>
<testng-results ignored="0" total="1" passed="1" failed="0" skipped="0">
  <reporter-output>
  </reporter-output>
  <suite started-at="2026-03-01T16:46:26 COT" name="Default suite" finished-at="2026-03-01T16:46:56 COT" duration-ms="29643">
    <groups>
    </groups>
    <test started-at="2026-03-01T16:46:26 COT" name="Default test" finished-at="2026-03-01T16:46:56 COT" duration-ms="29643">
      <class name="com.automation.framework.orangehrm.tests.EmployeeTest">
        <test-method is-config="true" signature="setUp()[pri:0, instance:com.automation.framework.orangehrm.tests.EmployeeTest@3f1c5af9]" started-at="2026-03-01T16:46:26 COT" name="setUp" finished-at="2026-03-01T16:46:34 COT" duration-ms="7477" status="PASS">
          <reporter-output>
          </reporter-output>
        </test-method> <!-- setUp -->
        <test-method signature="testEmployee()[pri:0, instance:com.automation.framework.orangehrm.tests.EmployeeTest@3f1c5af9]" started-at="2026-03-01T16:46:34 COT" name="testEmployee" finished-at="2026-03-01T16:46:55 COT" duration-ms="20860" status="PASS">
          <reporter-output>
          </reporter-output>
        </test-method> <!-- testEmployee -->
        <test-method is-config="true" signature="tearDown()[pri:0, instance:com.automation.framework.orangehrm.tests.EmployeeTest@3f1c5af9]" started-at="2026-03-01T16:46:55 COT" name="tearDown" finished-at="2026-03-01T16:46:56 COT" duration-ms="1254" status="PASS">
          <reporter-output>
          </reporter-output>
        </test-method> <!-- tearDown -->
      </class> <!-- com.automation.framework.orangehrm.tests.EmployeeTest -->
    </test> <!-- Default test -->
  </suite> <!-- Default suite -->
</testng-results>
