<?xml version="1.0" encoding="UTF-8"?>
<testng-results ignored="0" total="1" passed="1" failed="0" skipped="0">
  <reporter-output>
  </reporter-output>
  <suite started-at="2026-03-01T20:43:24 COT" name="Default suite" finished-at="2026-03-01T20:43:42 COT" duration-ms="18784">
    <groups>
    </groups>
    <test started-at="2026-03-01T20:43:24 COT" name="Default test" finished-at="2026-03-01T20:43:42 COT" duration-ms="18784">
      <class name="com.automation.framework.orangehrm.tests.EmployeeTest">
        <test-method is-config="true" signature="setUp()[pri:0, instance:com.automation.framework.orangehrm.tests.EmployeeTest@1bc715b8]" started-at="2026-03-01T20:43:24 COT" name="setUp" finished-at="2026-03-01T20:43:30 COT" duration-ms="5969" status="PASS">
          <reporter-output>
          </reporter-output>
        </test-method> <!-- setUp -->
        <test-method signature="testEmployee()[pri:0, instance:com.automation.framework.orangehrm.tests.EmployeeTest@1bc715b8]" started-at="2026-03-01T20:43:30 COT" name="testEmployee" finished-at="2026-03-01T20:43:42 COT" duration-ms="12207" status="PASS">
          <reporter-output>
          </reporter-output>
        </test-method> <!-- testEmployee -->
        <test-method is-config="true" signature="tearDown()[pri:0, instance:com.automation.framework.orangehrm.tests.EmployeeTest@1bc715b8]" started-at="2026-03-01T20:43:42 COT" name="tearDown" finished-at="2026-03-01T20:43:42 COT" duration-ms="536" status="PASS">
          <reporter-output>
          </reporter-output>
        </test-method> <!-- tearDown -->
      </class> <!-- com.automation.framework.orangehrm.tests.EmployeeTest -->
    </test> <!-- Default test -->
  </suite> <!-- Default suite -->
</testng-results>
